<?xml version="1.0" encoding="UTF-8"?>
<testsuite name="ru.nsu.maltsev.task2.BlackJackTest" tests="11" skipped="0" failures="0" errors="0" timestamp="2025-10-20T03:35:23.506Z" hostname="ULTRA-LAPTAPTRU" time="0.153">
  <properties/>
  <testcase name="testCardToStringContainsInfo()" classname="ru.nsu.maltsev.task2.BlackJackTest" time="0.056"/>
  <testcase name="testPlayRoundStopsAfterLose()" classname="ru.nsu.maltsev.task2.BlackJackTest" time="0.038"/>
  <testcase name="testDealerScoreAndAceLogic()" classname="ru.nsu.maltsev.task2.BlackJackTest" time="0.004"/>
  <testcase name="testDealerShowHandAndReveal()" classname="ru.nsu.maltsev.task2.BlackJackTest" time="0.004"/>
  <testcase name="testDeckDrawReducesSize()" classname="ru.nsu.maltsev.task2.BlackJackTest" time="0.003"/>
  <testcase name="testMainPlayerTurnLogic()" classname="ru.nsu.maltsev.task2.BlackJackTest" time="0.003"/>
  <testcase name="testCardValues()" classname="ru.nsu.maltsev.task2.BlackJackTest" time="0.002"/>
  <testcase name="testMainFullGameLoopContinueOnceThenExit()" classname="ru.nsu.maltsev.task2.BlackJackTest" time="0.014"/>
  <testcase name="testMainFullGameLoopExitImmediately()" classname="ru.nsu.maltsev.task2.BlackJackTest" time="0.007"/>
  <testcase name="testMainDealerTurnLogic()" classname="ru.nsu.maltsev.task2.BlackJackTest" time="0.003"/>
  <testcase name="testEqualityOfRoundStats()" classname="ru.nsu.maltsev.task2.BlackJackTest" time="0.001"/>
  <system-out><![CDATA[Раунд 1
Дилер раздал карты
	Ваши карты: [Дама Червы (10), Десятка Пики (10)] => 20
	Карты дилера: [Девятка Крести (9), <Закрытая карта>]
Ваш ход
-------
Введите “1”, чтобы взять карту, и “0”, чтобы остановиться...
Вы открыли карту: Шестерка Пики (6)
Ваши карты: 
[Дама Червы (10), Десятка Пики (10), Шестерка Пики (6)] => 26
Карты дилера: 
[Девятка Крести (9), <Закрытая карта>]
Сумма привысила 21 - вы проиграли
0:1
[Тройка Пики (3), Валет Бубны (10)] => 13
[Тройка Пики (3), <Закрытая карта>]
Дилер открывает закрытую карту: Валет Бубны (10)
Вы открыли карту: Дама Крести (10)
Ваши карты: 
[Дама Крести (10)] => 10
Карты дилера: 
Добро пожаловать в консольный Блэкджек!
Раунд 2
Дилер раздал карты
	Ваши карты: [Туз Бубны (11), Туз Крести (11)] => 12
	Карты дилера: [Тройка Червы (3), <Закрытая карта>]
Ваш ход
-------
Введите “1”, чтобы взять карту, и “0”, чтобы остановиться...
Вы открыли карту: Восьмерка Бубны (8)
Ваши карты: 
[Туз Бубны (11), Туз Крести (11), Восьмерка Бубны (8)] => 20
Карты дилера: 
[Тройка Червы (3), <Закрытая карта>]
Введите “1”, чтобы взять карту, и “0”, чтобы остановиться...
Ход дилера
-------
Дилер открывает закрытую карту: Шестерка Крести (6)
Ваши карты: 
[Туз Бубны (11), Туз Крести (11), Восьмерка Бубны (8)] => 20
Карты дилера: 
[Тройка Червы (3), Шестерка Крести (6)] => 9
Дилер открывает карту: Четверка Бубны (4)
Ваши карты: 
[Туз Бубны (11), Туз Крести (11), Восьмерка Бубны (8)] => 20
Карты дилера: 
[Тройка Червы (3), Шестерка Крести (6), Четверка Бубны (4)] => 13
Дилер открывает карту: Валет Крести (10)
Ваши карты: 
[Туз Бубны (11), Туз Крести (11), Восьмерка Бубны (8)] => 20
Карты дилера: 
[Тройка Червы (3), Шестерка Крести (6), Четверка Бубны (4), Валет Крести (10)] => 23
Дилер набрал больше 21 - вы победили!
1:1
Сыграем следующий раунд? Введите '1' чтобы продолжить, '0' чтобы выйти
Добро пожаловать в консольный Блэкджек!
Раунд 3
Дилер раздал карты
	Ваши карты: [Двойка Бубны (2), Восьмерка Бубны (8)] => 10
	Карты дилера: [Девятка Крести (9), <Закрытая карта>]
Ваш ход
-------
Введите “1”, чтобы взять карту, и “0”, чтобы остановиться...
Ход дилера
-------
Дилер открывает закрытую карту: Дама Червы (10)
Ваши карты: 
[Двойка Бубны (2), Восьмерка Бубны (8)] => 10
Карты дилера: 
[Девятка Крести (9), Дама Червы (10)] => 19
К сожалению, дилер набрал больше очков - вы проиграли
1:2
Сыграем следующий раунд? Введите '1' чтобы продолжить, '0' чтобы выйти
Дилер открывает закрытую карту: Дама Крести (10)
Ваши карты: 
[] => 0
Карты дилера: 
[Шестерка Бубны (6), Дама Крести (10)] => 16
Дилер открывает карту: Двойка Червы (2)
Ваши карты: 
[] => 0
Карты дилера: 
[Шестерка Бубны (6), Дама Крести (10), Двойка Червы (2)] => 18
]]></system-out>
  <system-err><![CDATA[]]></system-err>
</testsuite>
