<?xml version="1.0" encoding="UTF-8"?>
<testsuite name="ru.nsu.maltsev.Task_1_1_1.HeapsortTest" tests="10" skipped="0" failures="0" errors="0" timestamp="2025-09-20T15:59:13.541Z" hostname="ULTRA-LAPTAPTRU" time="0.051">
  <properties/>
  <testcase name="testDuplicates()" classname="ru.nsu.maltsev.Task_1_1_1.HeapsortTest" time="0.025"/>
  <testcase name="testAllEqual()" classname="ru.nsu.maltsev.Task_1_1_1.HeapsortTest" time="0.001"/>
  <testcase name="testEmpty()" classname="ru.nsu.maltsev.Task_1_1_1.HeapsortTest" time="0.001"/>
  <testcase name="testNegatives()" classname="ru.nsu.maltsev.Task_1_1_1.HeapsortTest" time="0.001"/>
  <testcase name="testMainRuns()" classname="ru.nsu.maltsev.Task_1_1_1.HeapsortTest" time="0.006"/>
  <testcase name="testReverse()" classname="ru.nsu.maltsev.Task_1_1_1.HeapsortTest" time="0.001"/>
  <testcase name="testTwoElements()" classname="ru.nsu.maltsev.Task_1_1_1.HeapsortTest" time="0.001"/>
  <testcase name="testLargeArray()" classname="ru.nsu.maltsev.Task_1_1_1.HeapsortTest" time="0.003"/>
  <testcase name="testSingle()" classname="ru.nsu.maltsev.Task_1_1_1.HeapsortTest" time="0.002"/>
  <testcase name="testSorted()" classname="ru.nsu.maltsev.Task_1_1_1.HeapsortTest" time="0.001"/>
  <system-out><![CDATA[[1, 2, 3, 4, 5]
]]></system-out>
  <system-err><![CDATA[]]></system-err>
</testsuite>
